[0m21:20:19.960903 [debug] [MainThread]: Sending event: {'category': 'dbt', 'action': 'invocation', 'label': 'start', 'context': [<snowplow_tracker.self_describing_json.SelfDescribingJson object at 0x000001D2C9C95730>, <snowplow_tracker.self_describing_json.SelfDescribingJson object at 0x000001D2CCB607A0>, <snowplow_tracker.self_describing_json.SelfDescribingJson object at 0x000001D2CCB61430>]}


============================== 21:20:19.992437 | 919263d0-656e-4078-94ce-6a4eb45323e5 ==============================
[0m21:20:19.992437 [info ] [MainThread]: Running with dbt=1.11.11
[0m21:20:19.992437 [debug] [MainThread]: running dbt with arguments {'version_check': 'True', 'no_print': 'None', 'static_parser': 'True', 'warn_error_options': 'WarnErrorOptionsV2(error=[], warn=[], silence=[])', 'target_path': 'None', 'printer_width': '80', 'write_json': 'True', 'empty': 'None', 'log_cache_events': 'False', 'introspect': 'True', 'cache_selected_only': 'False', 'fail_fast': 'False', 'debug': 'False', 'log_format': 'default', 'profiles_dir': 'C:\\Users\\shrey\\.dbt', 'send_anonymous_usage_stats': 'True', 'quiet': 'False', 'warn_error': 'None', 'partial_parse': 'True', 'indirect_selection': 'eager', 'use_colors': 'True', 'invocation_command': 'dbt init olist_dbt', 'use_experimental_parser': 'False', 'log_path': 'logs'}
[0m21:20:20.038345 [info ] [MainThread]: Creating dbt configuration folder at C:\Users\shrey\.dbt
[0m21:20:20.050026 [debug] [MainThread]: Starter project path: C:\Users\shrey\Desktop\projects\The Decision Intelligence\venv\Lib\site-packages\dbt\include\starter_project
[0m21:20:20.106621 [info ] [MainThread]: 
Your new dbt project "olist_dbt" was created!

For more information on how to configure the profiles.yml file,
please consult the dbt documentation here:

  https://docs.getdbt.com/docs/configure-your-profile

One more thing:

Need help? Don't hesitate to reach out to us via GitHub issues or on Slack:

  https://community.getdbt.com/

Happy modeling!

[0m21:20:20.106621 [info ] [MainThread]: Setting up your profile.
[0m21:21:06.247555 [info ] [MainThread]: Profile olist_dbt written to C:\Users\shrey\.dbt\profiles.yml using target's sample configuration. Once updated, you'll be able to start developing with dbt.
[0m21:21:06.250822 [debug] [MainThread]: Command `dbt init` succeeded at 21:21:06.250822 after 46.56 seconds
[0m21:21:06.250822 [debug] [MainThread]: Sending event: {'category': 'dbt', 'action': 'invocation', 'label': 'end', 'context': [<snowplow_tracker.self_describing_json.SelfDescribingJson object at 0x000001D2C9393290>, <snowplow_tracker.self_describing_json.SelfDescribingJson object at 0x000001D2CBED0800>, <snowplow_tracker.self_describing_json.SelfDescribingJson object at 0x000001D2CE10A180>]}
[0m21:21:06.252830 [debug] [MainThread]: Flushing usage events
[0m21:21:07.259113 [debug] [MainThread]: An error was encountered while trying to flush usage events
